This is pdfTeX, Version 3.14159265-2.6-1.40.20 (TeX Live 2019/Debian) (preloaded format=pdflatex 2021.4.26)  5 JUN 2021 15:43
entering extended mode
 restricted \write18 enabled.
 %&-line parsing enabled.
**Thesis.tex
(./Thesis.tex
LaTeX2e <2020-02-02> patch level 2
L3 programming layer <2020-02-14> (/usr/share/texlive/texmf-dist/tex/latex/base
/article.cls
Document Class: article 2019/12/20 v1.4l Standard LaTeX document class
(/usr/share/texlive/texmf-dist/tex/latex/base/size10.clo
File: size10.clo 2019/12/20 v1.4l Standard LaTeX file (size option)
)
\c@part=\count167
\c@section=\count168
\c@subsection=\count169
\c@subsubsection=\count170
\c@paragraph=\count171
\c@subparagraph=\count172
\c@figure=\count173
\c@table=\count174
\abovecaptionskip=\skip47
\belowcaptionskip=\skip48
\bibindent=\dimen134
) (/usr/share/texlive/texmf-dist/tex/latex/amsmath/amsmath.sty
Package: amsmath 2020/01/20 v2.17e AMS math features
\@mathmargin=\skip49
For additional information on amsmath, use the `?' option.
(/usr/share/texlive/texmf-dist/tex/latex/amsmath/amstext.sty
Package: amstext 2000/06/29 v2.01 AMS text
(/usr/share/texlive/texmf-dist/tex/latex/amsmath/amsgen.sty
File: amsgen.sty 1999/11/30 v2.0 generic functions
\@emptytoks=\toks14
\ex@=\dimen135
)) (/usr/share/texlive/texmf-dist/tex/latex/amsmath/amsbsy.sty
Package: amsbsy 1999/11/29 v1.2d Bold Symbols
\pmbraise@=\dimen136
) (/usr/share/texlive/texmf-dist/tex/latex/amsmath/amsopn.sty
Package: amsopn 2016/03/08 v2.02 operator names
)
\inf@bad=\count175
LaTeX Info: Redefining \frac on input line 227.
\uproot@=\count176
\leftroot@=\count177
LaTeX Info: Redefining \overline on input line 389.
\classnum@=\count178
\DOTSCASE@=\count179
LaTeX Info: Redefining \ldots on input line 486.
LaTeX Info: Redefining \dots on input line 489.
LaTeX Info: Redefining \cdots on input line 610.
\Mathstrutbox@=\box45
\strutbox@=\box46
\big@size=\dimen137
LaTeX Font Info:    Redeclaring font encoding OML on input line 733.
LaTeX Font Info:    Redeclaring font encoding OMS on input line 734.
\macc@depth=\count180
\c@MaxMatrixCols=\count181
\dotsspace@=\muskip16
\c@parentequation=\count182
\dspbrk@lvl=\count183
\tag@help=\toks15
\row@=\count184
\column@=\count185
\maxfields@=\count186
\andhelp@=\toks16
\eqnshift@=\dimen138
\alignsep@=\dimen139
\tagshift@=\dimen140
\tagwidth@=\dimen141
\totwidth@=\dimen142
\lineht@=\dimen143
\@envbody=\toks17
\multlinegap=\skip50
\multlinetaggap=\skip51
\mathdisplay@stack=\toks18
LaTeX Info: Redefining \[ on input line 2859.
LaTeX Info: Redefining \] on input line 2860.
) (/usr/share/texlive/texmf-dist/tex/latex/amsfonts/amssymb.sty
Package: amssymb 2013/01/14 v3.01 AMS font symbols
(/usr/share/texlive/texmf-dist/tex/latex/amsfonts/amsfonts.sty
Package: amsfonts 2013/01/14 v3.01 Basic AMSFonts support
\symAMSa=\mathgroup4
\symAMSb=\mathgroup5
LaTeX Font Info:    Redeclaring math symbol \hbar on input line 98.
LaTeX Font Info:    Overwriting math alphabet `\mathfrak' in version `bold'
(Font)                  U/euf/m/n --> U/euf/b/n on input line 106.
)) (/usr/share/texmf/tex/latex/lm/lmodern.sty
Package: lmodern 2009/10/30 v1.6 Latin Modern Fonts
LaTeX Font Info:    Overwriting symbol font `operators' in version `normal'
(Font)                  OT1/cmr/m/n --> OT1/lmr/m/n on input line 22.
LaTeX Font Info:    Overwriting symbol font `letters' in version `normal'
(Font)                  OML/cmm/m/it --> OML/lmm/m/it on input line 23.
LaTeX Font Info:    Overwriting symbol font `symbols' in version `normal'
(Font)                  OMS/cmsy/m/n --> OMS/lmsy/m/n on input line 24.
LaTeX Font Info:    Overwriting symbol font `largesymbols' in version `normal'
(Font)                  OMX/cmex/m/n --> OMX/lmex/m/n on input line 25.
LaTeX Font Info:    Overwriting symbol font `operators' in version `bold'
(Font)                  OT1/cmr/bx/n --> OT1/lmr/bx/n on input line 26.
LaTeX Font Info:    Overwriting symbol font `letters' in version `bold'
(Font)                  OML/cmm/b/it --> OML/lmm/b/it on input line 27.
LaTeX Font Info:    Overwriting symbol font `symbols' in version `bold'
(Font)                  OMS/cmsy/b/n --> OMS/lmsy/b/n on input line 28.
LaTeX Font Info:    Overwriting symbol font `largesymbols' in version `bold'
(Font)                  OMX/cmex/m/n --> OMX/lmex/m/n on input line 29.
LaTeX Font Info:    Overwriting math alphabet `\mathbf' in version `normal'
(Font)                  OT1/cmr/bx/n --> OT1/lmr/bx/n on input line 31.
LaTeX Font Info:    Overwriting math alphabet `\mathsf' in version `normal'
(Font)                  OT1/cmss/m/n --> OT1/lmss/m/n on input line 32.
LaTeX Font Info:    Overwriting math alphabet `\mathit' in version `normal'
(Font)                  OT1/cmr/m/it --> OT1/lmr/m/it on input line 33.
LaTeX Font Info:    Overwriting math alphabet `\mathtt' in version `normal'
(Font)                  OT1/cmtt/m/n --> OT1/lmtt/m/n on input line 34.
LaTeX Font Info:    Overwriting math alphabet `\mathbf' in version `bold'
(Font)                  OT1/cmr/bx/n --> OT1/lmr/bx/n on input line 35.
LaTeX Font Info:    Overwriting math alphabet `\mathsf' in version `bold'
(Font)                  OT1/cmss/bx/n --> OT1/lmss/bx/n on input line 36.
LaTeX Font Info:    Overwriting math alphabet `\mathit' in version `bold'
(Font)                  OT1/cmr/bx/it --> OT1/lmr/bx/it on input line 37.
LaTeX Font Info:    Overwriting math alphabet `\mathtt' in version `bold'
(Font)                  OT1/cmtt/m/n --> OT1/lmtt/m/n on input line 38.
) (/usr/share/texlive/texmf-dist/tex/generic/iftex/ifxetex.sty
Package: ifxetex 2019/10/25 v0.7 ifxetex legacy package. Use iftex instead.
(/usr/share/texlive/texmf-dist/tex/generic/iftex/iftex.sty
Package: iftex 2019/11/07 v1.0c TeX engine tests
)) (/usr/share/texlive/texmf-dist/tex/generic/iftex/ifluatex.sty
Package: ifluatex 2019/10/25 v1.5 ifluatex legacy package. Use iftex instead.
) (/usr/share/texlive/texmf-dist/tex/latex/base/fontenc.sty
Package: fontenc 2020/02/11 v2.0o Standard LaTeX package
LaTeX Font Info:    Trying to load font information for T1+lmr on input line 11
2.
(/usr/share/texmf/tex/latex/lm/t1lmr.fd
File: t1lmr.fd 2009/10/30 v1.6 Font defs for Latin Modern
)) (/usr/share/texlive/texmf-dist/tex/latex/base/inputenc.sty
Package: inputenc 2018/08/11 v1.3c Input encoding file
\inpenc@prehook=\toks19
\inpenc@posthook=\toks20
) (/usr/share/texlive/texmf-dist/tex/latex/base/textcomp.sty
Package: textcomp 2020/02/02 v2.0n Standard LaTeX package
) (/usr/share/texlive/texmf-dist/tex/latex/upquote/upquote.sty
Package: upquote 2012/04/19 v1.3 upright-quote and grave-accent glyphs in verba
tim
) (/usr/share/texlive/texmf-dist/tex/latex/microtype/microtype.sty
Package: microtype 2019/11/18 v2.7d Micro-typographical refinements (RS)
(/usr/share/texlive/texmf-dist/tex/latex/graphics/keyval.sty
Package: keyval 2014/10/28 v1.15 key=value parser (DPC)
\KV@toks@=\toks21
)
\MT@toks=\toks22
\MT@count=\count187
LaTeX Info: Redefining \textls on input line 790.
\MT@outer@kern=\dimen144
LaTeX Info: Redefining \textmicrotypecontext on input line 1354.
\MT@listname@count=\count188
(/usr/share/texlive/texmf-dist/tex/latex/microtype/microtype-pdftex.def
File: microtype-pdftex.def 2019/11/18 v2.7d Definitions specific to pdftex (RS)

LaTeX Info: Redefining \lsstyle on input line 914.
LaTeX Info: Redefining \lslig on input line 914.
\MT@outer@space=\skip52
)
Package microtype Info: Loading configuration file microtype.cfg.
(/usr/share/texlive/texmf-dist/tex/latex/microtype/microtype.cfg
File: microtype.cfg 2019/11/18 v2.7d microtype main configuration file (RS)
)) (/usr/share/texlive/texmf-dist/tex/latex/xcolor/xcolor.sty
Package: xcolor 2016/05/11 v2.12 LaTeX color extensions (UK)
(/usr/share/texlive/texmf-dist/tex/latex/graphics-cfg/color.cfg
File: color.cfg 2016/01/02 v1.6 sample color configuration
)
Package xcolor Info: Driver file: pdftex.def on input line 225.
(/usr/share/texlive/texmf-dist/tex/latex/graphics-def/pdftex.def
File: pdftex.def 2018/01/08 v1.0l Graphics/color driver for pdftex
)
Package xcolor Info: Model `cmy' substituted by `cmy0' on input line 1348.
Package xcolor Info: Model `hsb' substituted by `rgb' on input line 1352.
Package xcolor Info: Model `RGB' extended on input line 1364.
Package xcolor Info: Model `HTML' substituted by `rgb' on input line 1366.
Package xcolor Info: Model `Hsb' substituted by `hsb' on input line 1367.
Package xcolor Info: Model `tHsb' substituted by `hsb' on input line 1368.
Package xcolor Info: Model `HSB' substituted by `hsb' on input line 1369.
Package xcolor Info: Model `Gray' substituted by `gray' on input line 1370.
Package xcolor Info: Model `wave' substituted by `hsb' on input line 1371.
) (/usr/share/texlive/texmf-dist/tex/latex/xurl/xurl.sty
Package: xurl 2020/01/24 v 0.09 modify URL breaks
(/usr/share/texlive/texmf-dist/tex/latex/url/url.sty
\Urlmuskip=\muskip17
Package: url 2013/09/16  ver 3.4  Verb mode for urls, etc.
)) (/usr/share/texlive/texmf-dist/tex/latex/bookmark/bookmark.sty
Package: bookmark 2019/12/03 v1.28 PDF bookmarks (HO)
(/usr/share/texlive/texmf-dist/tex/latex/hyperref/hyperref.sty
Package: hyperref 2020/01/14 v7.00d Hypertext links for LaTeX
(/usr/share/texlive/texmf-dist/tex/generic/ltxcmds/ltxcmds.sty
Package: ltxcmds 2019/12/15 v1.24 LaTeX kernel commands for general use (HO)
) (/usr/share/texlive/texmf-dist/tex/latex/pdftexcmds/pdftexcmds.sty
Package: pdftexcmds 2019/11/24 v0.31 Utility functions of pdfTeX for LuaTeX (HO
)
(/usr/share/texlive/texmf-dist/tex/generic/infwarerr/infwarerr.sty
Package: infwarerr 2019/12/03 v1.5 Providing info/warning/error messages (HO)
)
Package pdftexcmds Info: \pdf@primitive is available.
Package pdftexcmds Info: \pdf@ifprimitive is available.
Package pdftexcmds Info: \pdfdraftmode found.
) (/usr/share/texlive/texmf-dist/tex/generic/kvsetkeys/kvsetkeys.sty
Package: kvsetkeys 2019/12/15 v1.18 Key value parser (HO)
) (/usr/share/texlive/texmf-dist/tex/generic/kvdefinekeys/kvdefinekeys.sty
Package: kvdefinekeys 2019-12-19 v1.6 Define keys (HO)
) (/usr/share/texlive/texmf-dist/tex/generic/pdfescape/pdfescape.sty
Package: pdfescape 2019/12/09 v1.15 Implements pdfTeX's escape features (HO)
) (/usr/share/texlive/texmf-dist/tex/latex/hycolor/hycolor.sty
Package: hycolor 2020-01-27 v1.10 Color options for hyperref/bookmark (HO)
) (/usr/share/texlive/texmf-dist/tex/latex/letltxmacro/letltxmacro.sty
Package: letltxmacro 2019/12/03 v1.6 Let assignment for LaTeX macros (HO)
) (/usr/share/texlive/texmf-dist/tex/latex/auxhook/auxhook.sty
Package: auxhook 2019-12-17 v1.6 Hooks for auxiliary files (HO)
) (/usr/share/texlive/texmf-dist/tex/latex/kvoptions/kvoptions.sty
Package: kvoptions 2019/11/29 v3.13 Key value format for package options (HO)
)
\@linkdim=\dimen145
\Hy@linkcounter=\count189
\Hy@pagecounter=\count190
(/usr/share/texlive/texmf-dist/tex/latex/hyperref/pd1enc.def
File: pd1enc.def 2020/01/14 v7.00d Hyperref: PDFDocEncoding definition (HO)
Now handling font encoding PD1 ...
... no UTF-8 mapping file for font encoding PD1
) (/usr/share/texlive/texmf-dist/tex/generic/intcalc/intcalc.sty
Package: intcalc 2019/12/15 v1.3 Expandable calculations with integers (HO)
) (/usr/share/texlive/texmf-dist/tex/generic/etexcmds/etexcmds.sty
Package: etexcmds 2019/12/15 v1.7 Avoid name clashes with e-TeX commands (HO)
)
\Hy@SavedSpaceFactor=\count191
\pdfmajorversion=\count192
Package hyperref Info: Option `unicode' set `true' on input line 4421.
(/usr/share/texlive/texmf-dist/tex/latex/hyperref/puenc.def
File: puenc.def 2020/01/14 v7.00d Hyperref: PDF Unicode definition (HO)
Now handling font encoding PU ...
... no UTF-8 mapping file for font encoding PU
)
Package hyperref Info: Hyper figures OFF on input line 4547.
Package hyperref Info: Link nesting OFF on input line 4552.
Package hyperref Info: Hyper index ON on input line 4555.
Package hyperref Info: Plain pages OFF on input line 4562.
Package hyperref Info: Backreferencing OFF on input line 4567.
Package hyperref Info: Implicit mode ON; LaTeX internals redefined.
Package hyperref Info: Bookmarks ON on input line 4800.
\c@Hy@tempcnt=\count193
LaTeX Info: Redefining \url on input line 5159.
\XeTeXLinkMargin=\dimen146
(/usr/share/texlive/texmf-dist/tex/generic/bitset/bitset.sty
Package: bitset 2019/12/09 v1.3 Handle bit-vector datatype (HO)
(/usr/share/texlive/texmf-dist/tex/generic/bigintcalc/bigintcalc.sty
Package: bigintcalc 2019/12/15 v1.5 Expandable calculations on big integers (HO
)
))
\Fld@menulength=\count194
\Field@Width=\dimen147
\Fld@charsize=\dimen148
Package hyperref Info: Hyper figures OFF on input line 6430.
Package hyperref Info: Link nesting OFF on input line 6435.
Package hyperref Info: Hyper index ON on input line 6438.
Package hyperref Info: backreferencing OFF on input line 6445.
Package hyperref Info: Link coloring OFF on input line 6450.
Package hyperref Info: Link coloring with OCG OFF on input line 6455.
Package hyperref Info: PDF/A mode OFF on input line 6460.
LaTeX Info: Redefining \ref on input line 6500.
LaTeX Info: Redefining \pageref on input line 6504.
(/usr/share/texlive/texmf-dist/tex/generic/atbegshi/atbegshi.sty
Package: atbegshi 2019/12/05 v1.19 At begin shipout hook (HO)
)
\Hy@abspage=\count195
\c@Item=\count196
\c@Hfootnote=\count197
)
Package hyperref Info: Driver (autodetected): hpdftex.
(/usr/share/texlive/texmf-dist/tex/latex/hyperref/hpdftex.def
File: hpdftex.def 2020/01/14 v7.00d Hyperref driver for pdfTeX
(/usr/share/texlive/texmf-dist/tex/latex/atveryend/atveryend.sty
Package: atveryend 2019-12-11 v1.11 Hooks at the very end of document (HO)
Package atveryend Info: \enddocument detected (standard20110627).
)
\Fld@listcount=\count198
\c@bookmark@seq@number=\count199
(/usr/share/texlive/texmf-dist/tex/latex/rerunfilecheck/rerunfilecheck.sty
Package: rerunfilecheck 2019/12/05 v1.9 Rerun checks for auxiliary files (HO)
(/usr/share/texlive/texmf-dist/tex/generic/uniquecounter/uniquecounter.sty
Package: uniquecounter 2019/12/15 v1.4 Provide unlimited unique counter (HO)
)
Package uniquecounter Info: New unique counter `rerunfilecheck' on input line 2
86.
)
\Hy@SectionHShift=\skip53
) (/usr/share/texlive/texmf-dist/tex/latex/bookmark/bkm-pdftex.def
File: bkm-pdftex.def 2019/12/03 v1.28 bookmark driver for pdfTeX (HO)
\BKM@id=\count266
)) (/usr/share/texlive/texmf-dist/tex/latex/geometry/geometry.sty
Package: geometry 2020/01/02 v5.9 Page Geometry
(/usr/share/texlive/texmf-dist/tex/generic/iftex/ifvtex.sty
Package: ifvtex 2019/10/25 v1.7 ifvtex legacy package. Use iftex instead.
)
\Gm@cnth=\count267
\Gm@cntv=\count268
\c@Gm@tempcnt=\count269
\Gm@bindingoffset=\dimen149
\Gm@wd@mp=\dimen150
\Gm@odd@mp=\dimen151
\Gm@even@mp=\dimen152
\Gm@layoutwidth=\dimen153
\Gm@layoutheight=\dimen154
\Gm@layouthoffset=\dimen155
\Gm@layoutvoffset=\dimen156
\Gm@dimlist=\toks23
) (/usr/share/texlive/texmf-dist/tex/latex/graphics/graphicx.sty
Package: graphicx 2019/11/30 v1.2a Enhanced LaTeX Graphics (DPC,SPQR)
(/usr/share/texlive/texmf-dist/tex/latex/graphics/graphics.sty
Package: graphics 2019/11/30 v1.4a Standard LaTeX Graphics (DPC,SPQR)
(/usr/share/texlive/texmf-dist/tex/latex/graphics/trig.sty
Package: trig 2016/01/03 v1.10 sin cos tan (DPC)
) (/usr/share/texlive/texmf-dist/tex/latex/graphics-cfg/graphics.cfg
File: graphics.cfg 2016/06/04 v1.11 sample graphics configuration
)
Package graphics Info: Driver file: pdftex.def on input line 105.
)
\Gin@req@height=\dimen157
\Gin@req@width=\dimen158
) (/usr/share/texlive/texmf-dist/tex/latex/tools/indentfirst.sty
Package: indentfirst 1995/11/23 v1.03 Indent first paragraph (DPC)
) (/usr/share/texlive/texmf-dist/tex/generic/babel/babel.sty
Package: babel 2020/02/14 3.40 The Babel package
(/usr/share/texlive/texmf-dist/tex/generic/babel/switch.def
File: switch.def 2020/02/14 3.40 Babel switching mechanism
) (/usr/share/texlive/texmf-dist/tex/generic/babel-swedish/swedish.ldf
Language: swedish 2005/03/31 v2.3d Swedish support from the babel system
(/usr/share/texlive/texmf-dist/tex/generic/babel/babel.def
File: babel.def 2020/02/14 3.40 Babel common definitions
\babel@savecnt=\count270
\U@D=\dimen159
(/usr/share/texlive/texmf-dist/tex/generic/babel/txtbabel.def)
\bbl@readstream=\read2
\bbl@dirlevel=\count271
)
Package babel Info: Making " an active character on input line 90.
) (/usr/share/texlive/texmf-dist/tex/generic/babel-english/english.ldf
Language: english 2017/06/06 v3.3r English support from the babel system
Package babel Info: \l@canadian = using hyphenrules for english
(babel)             (\language0) on input line 102.
Package babel Info: \l@australian = using hyphenrules for ukenglish
(babel)             (\language36) on input line 105.
Package babel Info: \l@newzealand = using hyphenrules for ukenglish
(babel)             (\language36) on input line 108.
)) (/usr/share/texlive/texmf-dist/tex/latex/newunicodechar/newunicodechar.sty
Package: newunicodechar 2018/04/08 v1.2 Defining Unicode characters
)
\cslhangindent=\skip54
\csllabelwidth=\skip55
(/usr/share/texlive/texmf-dist/tex/latex/tools/calc.sty
Package: calc 2017/05/25 v4.3 Infix arithmetic (KKT,FJ)
\calc@Acount=\count272
\calc@Bcount=\count273
\calc@Adimen=\dimen160
\calc@Bdimen=\dimen161
\calc@Askip=\skip56
\calc@Bskip=\skip57
LaTeX Info: Redefining \setlength on input line 80.
LaTeX Info: Redefining \addtolength on input line 81.
\calc@Ccount=\count274
\calc@Cskip=\skip58
) (/usr/share/texlive/texmf-dist/tex/latex/l3backend/l3backend-pdfmode.def
File: l3backend-pdfmode.def 2020-02-03 L3 backend support: PDF mode
\l__kernel_color_stack_int=\count275
\l__pdf_internal_box=\box47
) (./Thesis.aux)
\openout1 = `Thesis.aux'.

LaTeX Font Info:    Checking defaults for OML/cmm/m/it on input line 89.
LaTeX Font Info:    ... okay on input line 89.
LaTeX Font Info:    Checking defaults for OMS/cmsy/m/n on input line 89.
LaTeX Font Info:    ... okay on input line 89.
LaTeX Font Info:    Checking defaults for OT1/cmr/m/n on input line 89.
LaTeX Font Info:    ... okay on input line 89.
LaTeX Font Info:    Checking defaults for T1/cmr/m/n on input line 89.
LaTeX Font Info:    ... okay on input line 89.
LaTeX Font Info:    Checking defaults for TS1/cmr/m/n on input line 89.
LaTeX Font Info:    ... okay on input line 89.
LaTeX Font Info:    Checking defaults for OMX/cmex/m/n on input line 89.
LaTeX Font Info:    ... okay on input line 89.
LaTeX Font Info:    Checking defaults for U/cmr/m/n on input line 89.
LaTeX Font Info:    ... okay on input line 89.
LaTeX Font Info:    Checking defaults for PD1/pdf/m/n on input line 89.
LaTeX Font Info:    ... okay on input line 89.
LaTeX Font Info:    Checking defaults for PU/pdf/m/n on input line 89.
LaTeX Font Info:    ... okay on input line 89.
LaTeX Info: Redefining \microtypecontext on input line 89.
Package microtype Info: Generating PDF output.
Package microtype Info: Character protrusion enabled (level 2).
Package microtype Info: Using protrusion set `basicmath'.
Package microtype Info: Automatic font expansion enabled (level 2),
(microtype)             stretch: 20, shrink: 20, step: 1, non-selected.
Package microtype Info: Using default expansion set `basictext'.
LaTeX Info: Redefining \showhyphens on input line 89.
Package microtype Info: No adjustment of tracking.
Package microtype Info: No adjustment of interword spacing.
Package microtype Info: No adjustment of character kerning.
(/usr/share/texlive/texmf-dist/tex/latex/microtype/mt-cmr.cfg
File: mt-cmr.cfg 2013/05/19 v2.2 microtype config. file: Computer Modern Roman 
(RS)
) (/usr/share/texlive/texmf-dist/tex/context/base/mkii/supp-pdf.mkii
[Loading MPS to PDF converter (version 2006.09.02).]
\scratchcounter=\count276
\scratchdimen=\dimen162
\scratchbox=\box48
\nofMPsegments=\count277
\nofMParguments=\count278
\everyMPshowfont=\toks24
\MPscratchCnt=\count279
\MPscratchDim=\dimen163
\MPnumerator=\count280
\makeMPintoPDFobject=\count281
\everyMPtoPDFconversion=\toks25
) (/usr/share/texlive/texmf-dist/tex/latex/epstopdf-pkg/epstopdf-base.sty
Package: epstopdf-base 2020-01-24 v2.11 Base part for package epstopdf
Package epstopdf-base Info: Redefining graphics rule for `.eps' on input line 4
85.
(/usr/share/texlive/texmf-dist/tex/latex/latexconfig/epstopdf-sys.cfg
File: epstopdf-sys.cfg 2010/07/13 v1.3 Configuration of (r)epstopdf for TeX Liv
e
))
\AtBeginShipoutBox=\box49
Package hyperref Info: Link coloring OFF on input line 89.
(/usr/share/texlive/texmf-dist/tex/latex/hyperref/nameref.sty
Package: nameref 2019/09/16 v2.46 Cross-referencing by name of section
(/usr/share/texlive/texmf-dist/tex/latex/refcount/refcount.sty
Package: refcount 2019/12/15 v3.6 Data extraction from label references (HO)
) (/usr/share/texlive/texmf-dist/tex/generic/gettitlestring/gettitlestring.sty
Package: gettitlestring 2019/12/15 v1.6 Cleanup title references (HO)
)
\c@section@level=\count282
)
LaTeX Info: Redefining \ref on input line 89.
LaTeX Info: Redefining \pageref on input line 89.
LaTeX Info: Redefining \nameref on input line 89.
*geometry* driver: auto-detecting
*geometry* detected driver: pdftex
*geometry* verbose mode - [ preamble ] result:
* driver: pdftex
* paper: a4paper
* layout: <same size as paper>
* layoutoffset:(h,v)=(0.0pt,0.0pt)
* modes: 
* h-part:(L,W,R)=(108.405pt, 380.69788pt, 108.405pt)
* v-part:(T,H,B)=(72.26999pt, 700.50687pt, 72.26999pt)
* \paperwidth=597.50787pt
* \paperheight=845.04684pt
* \textwidth=380.69788pt
* \textheight=700.50687pt
* \oddsidemargin=36.13501pt
* \evensidemargin=36.13501pt
* \topmargin=-37.0pt
* \headheight=12.0pt
* \headsep=25.0pt
* \topskip=10.0pt
* \footskip=30.0pt
* \marginparwidth=57.0pt
* \marginparsep=11.0pt
* \columnsep=10.0pt
* \skip\footins=9.0pt plus 4.0pt minus 2.0pt
* \hoffset=0.0pt
* \voffset=0.0pt
* \mag=1000
* \@twocolumnfalse
* \@twosidefalse
* \@mparswitchfalse
* \@reversemarginfalse
* (1in=72.27pt=25.4mm, 1cm=28.453pt)

LaTeX Font Info:    Trying to load font information for OT1+lmr on input line 9
1.
(/usr/share/texmf/tex/latex/lm/ot1lmr.fd
File: ot1lmr.fd 2009/10/30 v1.6 Font defs for Latin Modern
)
LaTeX Font Info:    Trying to load font information for OML+lmm on input line 9
1.
(/usr/share/texmf/tex/latex/lm/omllmm.fd
File: omllmm.fd 2009/10/30 v1.6 Font defs for Latin Modern
)
LaTeX Font Info:    Trying to load font information for OMS+lmsy on input line 
91.
(/usr/share/texmf/tex/latex/lm/omslmsy.fd
File: omslmsy.fd 2009/10/30 v1.6 Font defs for Latin Modern
)
LaTeX Font Info:    Trying to load font information for OMX+lmex on input line 
91.
(/usr/share/texmf/tex/latex/lm/omxlmex.fd
File: omxlmex.fd 2009/10/30 v1.6 Font defs for Latin Modern
)
LaTeX Font Info:    External font `lmex10' loaded for size
(Font)              <12> on input line 91.
LaTeX Font Info:    External font `lmex10' loaded for size
(Font)              <8> on input line 91.
LaTeX Font Info:    External font `lmex10' loaded for size
(Font)              <6> on input line 91.
LaTeX Font Info:    Trying to load font information for U+msa on input line 91.

(/usr/share/texlive/texmf-dist/tex/latex/amsfonts/umsa.fd
File: umsa.fd 2013/01/14 v3.01 AMS symbols A
) (/usr/share/texlive/texmf-dist/tex/latex/microtype/mt-msa.cfg
File: mt-msa.cfg 2006/02/04 v1.1 microtype config. file: AMS symbols (a) (RS)
)
LaTeX Font Info:    Trying to load font information for U+msb on input line 91.

(/usr/share/texlive/texmf-dist/tex/latex/amsfonts/umsb.fd
File: umsb.fd 2013/01/14 v3.01 AMS symbols B
) (/usr/share/texlive/texmf-dist/tex/latex/microtype/mt-msb.cfg
File: mt-msb.cfg 2005/06/01 v1.0 microtype config. file: AMS symbols (b) (RS)
)
Underfull \hbox (badness 10000) in paragraph at lines 99--107

 []


Underfull \hbox (badness 10000) in paragraph at lines 99--107

 []


Underfull \hbox (badness 10000) in paragraph at lines 99--107

 []


Underfull \hbox (badness 10000) in paragraph at lines 99--107

 []


Underfull \hbox (badness 10000) in paragraph at lines 99--107

 []


Underfull \hbox (badness 10000) in paragraph at lines 99--107

 []


Underfull \hbox (badness 10000) in paragraph at lines 99--107

 []


Underfull \hbox (badness 10000) in paragraph at lines 99--107

 []

<liu.png, id=4, 314.3745pt x 112.9821pt>
File: liu.png Graphic file (type png)
<use liu.png>
Package pdftex.def Info: liu.png  used on input line 109.
(pdftex.def)             Requested size: 314.3881pt x 112.98697pt.
[1

{/var/lib/texmf/fonts/map/pdftex/updmap/pdftex.map} <./liu.png>]
LaTeX Font Info:    External font `lmex10' loaded for size
(Font)              <10> on input line 148.
LaTeX Font Info:    External font `lmex10' loaded for size
(Font)              <7> on input line 148.
LaTeX Font Info:    External font `lmex10' loaded for size
(Font)              <5> on input line 148.
[2] [3] [4] [1]
LaTeX Font Info:    Trying to load font information for TS1+lmr on input line 3
91.
(/usr/share/texmf/tex/latex/lm/ts1lmr.fd
File: ts1lmr.fd 2009/10/30 v1.6 Font defs for Latin Modern
) [2]
<phonems.jpeg, id=71, 1606.0pt x 436.63126pt>
File: phonems.jpeg Graphic file (type jpg)
<use phonems.jpeg>
Package pdftex.def Info: phonems.jpeg  used on input line 456.
(pdftex.def)             Requested size: 380.6938pt x 103.50111pt.
[3 <./phonems.jpeg>]
<classicway.png, id=94, 1164.35pt x 311.1625pt>
File: classicway.png Graphic file (type png)
<use classicway.png>
Package pdftex.def Info: classicway.png  used on input line 523.
(pdftex.def)             Requested size: 380.68338pt x 101.73434pt.

Underfull \hbox (badness 10000) in paragraph at lines 527--527
[]\T1/lmr/m/n/10 (+20) Figure 2: []The clas-sic way of build-ing a speech recog
-ni-tion sys-tem
 []

[4 <./classicway.png (PNG copy)>] [5]
<discriminative.png, id=134, 438.13687pt x 115.93312pt>
File: discriminative.png Graphic file (type png)
<use discriminative.png>
Package pdftex.def Info: discriminative.png  used on input line 637.
(pdftex.def)             Requested size: 380.70132pt x 100.7354pt.
<markov.jpeg, id=137, 1405.25pt x 658.46pt>
File: markov.jpeg Graphic file (type jpg)
<use markov.jpeg>
Package pdftex.def Info: markov.jpeg  used on input line 669.
(pdftex.def)             Requested size: 380.68767pt x 178.37936pt.
<gmm.jpeg, id=139, 1606.0pt x 454.69875pt>
File: gmm.jpeg Graphic file (type jpg)
<use gmm.jpeg>
Package pdftex.def Info: gmm.jpeg  used on input line 687.
(pdftex.def)             Requested size: 380.6938pt x 107.78392pt.
[6 <./discriminative.png>] [7 <./markov.jpeg> <./gmm.jpeg>] [8]
<kernel.png, id=194, 357.335pt x 350.30875pt>
File: kernel.png Graphic file (type png)
<use kernel.png>
Package pdftex.def Info: kernel.png  used on input line 816.
(pdftex.def)             Requested size: 357.35048pt x 350.32391pt.
[9 <./kernel.png>]
<fm.png, id=210, 831.105pt x 421.575pt>
File: fm.png Graphic file (type png)
<use fm.png>
Package pdftex.def Info: fm.png  used on input line 860.
(pdftex.def)             Requested size: 380.68968pt x 193.10345pt.
<spectrogram.png, id=213, 646.415pt x 336.25626pt>
File: spectrogram.png Graphic file (type png)
<use spectrogram.png>
Package pdftex.def Info: spectrogram.png  used on input line 885.
(pdftex.def)             Requested size: 380.70096pt x 198.03543pt.
[10 <./fm.png>] [11 <./spectrogram.png>]
<lstm.png, id=244, 848.4197pt x 519.44063pt>
File: lstm.png Graphic file (type png)
<use lstm.png>
Package pdftex.def Info: lstm.png  used on input line 950.
(pdftex.def)             Requested size: 380.69789pt x 233.08034pt.
<rnn.png, id=245, 833.36343pt x 413.29407pt>
File: rnn.png Graphic file (type png)
<use rnn.png>
Package pdftex.def Info: rnn.png  used on input line 959.
(pdftex.def)             Requested size: 380.69417pt x 188.79955pt.
[12 <./lstm.png> <./rnn.png>] [13]
<cl.png, id=283, 702.625pt x 335.2525pt>
File: cl.png Graphic file (type png)
<use cl.png>
Package pdftex.def Info: cl.png  used on input line 1061.
(pdftex.def)             Requested size: 380.7091pt x 181.65263pt.
[14 <./cl.png>]
<framework2.png, id=307, 587.19376pt x 321.45094pt>
File: framework2.png Graphic file (type png)
<use framework2.png>
Package pdftex.def Info: framework2.png  used on input line 1116.
(pdftex.def)             Requested size: 380.6948pt x 208.40599pt.
<codebook.png, id=313, 675.27281pt x 289.83281pt>
File: codebook.png Graphic file (type png)
<use codebook.png>
Package pdftex.def Info: codebook.png  used on input line 1148.
(pdftex.def)             Requested size: 380.70554pt x 163.40204pt.
[15 <./framework2.png> <./codebook.png>]
<wav2vec.png, id=334, 489.32813pt x 265.74281pt>
File: wav2vec.png Graphic file (type png)
<use wav2vec.png>
Package pdftex.def Info: wav2vec.png  used on input line 1207.
(pdftex.def)             Requested size: 380.70374pt x 206.75142pt.
[16 <./wav2vec.png>]
<xlsr.png, id=357, 659.46375pt x 274.77657pt>
File: xlsr.png Graphic file (type png)
<use xlsr.png>
Package pdftex.def Info: xlsr.png  used on input line 1259.
(pdftex.def)             Requested size: 380.70816pt x 158.62839pt.
[17 <./xlsr.png>]
<ctc.png, id=372, 903.375pt x 323.70938pt>
File: ctc.png Graphic file (type png)
<use ctc.png>
Package pdftex.def Info: ctc.png  used on input line 1299.
(pdftex.def)             Requested size: 380.69687pt x 136.41637pt.
[18 <./ctc.png>]
<epsilon.png, id=389, 376.40625pt x 134.5025pt>
File: epsilon.png Graphic file (type png)
<use epsilon.png>
Package pdftex.def Info: epsilon.png  used on input line 1350.
(pdftex.def)             Requested size: 376.41106pt x 134.5042pt.
<prob.png, id=390, 431.11063pt x 340.77313pt>
File: prob.png Graphic file (type png)
<use prob.png>
Package pdftex.def Info: prob.png  used on input line 1359.
(pdftex.def)             Requested size: 380.7073pt x 300.93163pt.
[19 <./epsilon.png> <./prob.png>] [20] [21]
<diacritics.png, id=443, 490.08093pt x 316.18124pt>
File: diacritics.png Graphic file (type png)
<use diacritics.png>
Package pdftex.def Info: diacritics.png  used on input line 1564.
(pdftex.def)             Requested size: 380.70616pt x 245.61687pt.
[22 <./diacritics.png>]
<english.png, id=459, 571.38469pt x 90.3375pt>
File: english.png Graphic file (type png)
<use english.png>
Package pdftex.def Info: english.png  used on input line 1607.
(pdftex.def)             Requested size: 380.69841pt x 60.18945pt.
<arabic.png, id=460, 566.115pt x 110.66344pt>
File: arabic.png Graphic file (type png)
<use arabic.png>
Package pdftex.def Info: arabic.png  used on input line 1616.
(pdftex.def)             Requested size: 380.70311pt x 74.41934pt.

LaTeX Warning: Reference `eq:1' on page 23 undefined on input line 1639.

[23 <./english.png> <./arabic.png>] [24]
<training_accuracy.png, id=488, 1387.584pt x 734.2632pt>
File: training_accuracy.png Graphic file (type png)
<use training_accuracy.png>
Package pdftex.def Info: training_accuracy.png  used on input line 1716.
(pdftex.def)             Requested size: 380.68694pt x 201.44682pt.
<validation_accuracy.png, id=489, 1387.584pt x 734.2632pt>
File: validation_accuracy.png Graphic file (type png)
<use validation_accuracy.png>
Package pdftex.def Info: validation_accuracy.png  used on input line 1724.
(pdftex.def)             Requested size: 380.68694pt x 201.44682pt.
<training_is_done.png, id=490, 674.52pt x 431.6125pt>
File: training_is_done.png Graphic file (type png)
<use training_is_done.png>
Package pdftex.def Info: training_is_done.png  used on input line 1744.
(pdftex.def)             Requested size: 380.70311pt x 243.60466pt.
[25 <./training_accuracy.png> <./validation_accuracy.png>]
<WER36.53.png, id=505, 1003.75pt x 178.6675pt>
File: WER36.53.png Graphic file (type png)
<use WER36.53.png>
Package pdftex.def Info: WER36.53.png  used on input line 1757.
(pdftex.def)             Requested size: 380.6938pt x 67.76349pt.
<sample_prediction.png, id=507, 414.04688pt x 54.9553pt>
File: sample_prediction.png Graphic file (type png)
<use sample_prediction.png>
Package pdftex.def Info: sample_prediction.png  used on input line 1770.
(pdftex.def)             Requested size: 380.70662pt x 50.53012pt.
<wer_compared.png, id=512, 573.64313pt x 238.8925pt>
File: wer_compared.png Graphic file (type png)
<use wer_compared.png>
Package pdftex.def Info: wer_compared.png  used on input line 1793.
(pdftex.def)             Requested size: 380.70638pt x 158.54437pt.
[26 <./training_is_done.png> <./WER36.53.png> <./sample_prediction.png>] [27 <.
/wer_compared.png>]
<WER_after_800.png, id=538, 620.3175pt x 128.48pt>
File: WER_after_800.png Graphic file (type png)
<use WER_after_800.png>
Package pdftex.def Info: WER_after_800.png  used on input line 1876.
(pdftex.def)             Requested size: 380.69319pt x 78.84906pt.
[28 <./WER_after_800.png>] [29] [30]
Overfull \hbox (2.22221pt too wide) in paragraph at lines 1970--1975
[][][] []
 []


Underfull \hbox (badness 10000) in paragraph at lines 1970--1975

 []


Overfull \hbox (2.22221pt too wide) in paragraph at lines 1976--1982
[][][] []
 []


Underfull \hbox (badness 10000) in paragraph at lines 1976--1982

 []


Overfull \hbox (2.22221pt too wide) in paragraph at lines 1983--1988
[][][] []
 []


Underfull \hbox (badness 10000) in paragraph at lines 1983--1988

 []


Overfull \hbox (2.22221pt too wide) in paragraph at lines 1989--1993
[][][] []
 []


Underfull \hbox (badness 10000) in paragraph at lines 1989--1993

 []


Overfull \hbox (2.22221pt too wide) in paragraph at lines 1994--1999
[][][] []
 []


Underfull \hbox (badness 10000) in paragraph at lines 1994--1999

 []


Overfull \hbox (2.22221pt too wide) in paragraph at lines 2000--2007
[][][] []
 []


Underfull \hbox (badness 10000) in paragraph at lines 2000--2007

 []


Overfull \hbox (2.22221pt too wide) in paragraph at lines 2008--2015
[][][] []
 []


Underfull \hbox (badness 10000) in paragraph at lines 2008--2015

 []


Overfull \hbox (2.22221pt too wide) in paragraph at lines 2016--2024
[][][] []
 []


Underfull \hbox (badness 10000) in paragraph at lines 2016--2024

 []


Overfull \hbox (2.22221pt too wide) in paragraph at lines 2025--2031
[][][] []
 []


Underfull \hbox (badness 10000) in paragraph at lines 2025--2031

 []


Overfull \hbox (2.22221pt too wide) in paragraph at lines 2032--2037
[][][] []
 []


Underfull \hbox (badness 10000) in paragraph at lines 2032--2037

 []


Overfull \hbox (2.22221pt too wide) in paragraph at lines 2038--2044
[][][] []
 []


Underfull \hbox (badness 10000) in paragraph at lines 2038--2044

 []


Overfull \hbox (2.22221pt too wide) in paragraph at lines 2045--2050
[][][] []
 []


Underfull \hbox (badness 10000) in paragraph at lines 2045--2050

 []


Overfull \hbox (2.22221pt too wide) in paragraph at lines 2051--2056
[][][] []
 []


Underfull \hbox (badness 10000) in paragraph at lines 2051--2056

 []


Overfull \hbox (2.22221pt too wide) in paragraph at lines 2057--2062
[][][] []
 []


Underfull \hbox (badness 10000) in paragraph at lines 2057--2062

 []

[31]
Overfull \hbox (2.22221pt too wide) in paragraph at lines 2063--2069
[][][] []
 []


Underfull \hbox (badness 10000) in paragraph at lines 2063--2069

 []


Overfull \hbox (2.22221pt too wide) in paragraph at lines 2070--2077
[][][] []
 []


Underfull \hbox (badness 10000) in paragraph at lines 2070--2077

 []


Overfull \hbox (2.22221pt too wide) in paragraph at lines 2078--2084
[][][] []
 []


Underfull \hbox (badness 10000) in paragraph at lines 2078--2084

 []


Overfull \hbox (2.22221pt too wide) in paragraph at lines 2085--2093
[][][] []
 []


Underfull \hbox (badness 10000) in paragraph at lines 2085--2093

 []


Overfull \hbox (2.22221pt too wide) in paragraph at lines 2094--2100
[][][] []
 []


Underfull \hbox (badness 10000) in paragraph at lines 2094--2100

 []


Overfull \hbox (2.22221pt too wide) in paragraph at lines 2101--2107
[][][] []
 []


Underfull \hbox (badness 10000) in paragraph at lines 2101--2107

 []


Overfull \hbox (2.22221pt too wide) in paragraph at lines 2108--2115
[][][] []
 []


Underfull \hbox (badness 10000) in paragraph at lines 2108--2115

 []


Overfull \hbox (2.22221pt too wide) in paragraph at lines 2116--2123
[][][] []
 []


Underfull \hbox (badness 10000) in paragraph at lines 2116--2123

 []


Overfull \hbox (2.22221pt too wide) in paragraph at lines 2124--2128
[][][] []
 []


Underfull \hbox (badness 10000) in paragraph at lines 2124--2128

 []


Overfull \hbox (2.22221pt too wide) in paragraph at lines 2129--2136
[][][] []
 []


Underfull \hbox (badness 10000) in paragraph at lines 2129--2136

 []


Overfull \hbox (2.22221pt too wide) in paragraph at lines 2137--2145
[][][] []
 []


Underfull \hbox (badness 10000) in paragraph at lines 2137--2145

 []


Overfull \hbox (2.22221pt too wide) in paragraph at lines 2146--2152
[][][] []
 []


Underfull \hbox (badness 10000) in paragraph at lines 2146--2152

 []


Overfull \hbox (2.22221pt too wide) in paragraph at lines 2153--2160
[][][] []
 []


Underfull \hbox (badness 10000) in paragraph at lines 2153--2160

 []

[32]
Overfull \hbox (2.22221pt too wide) in paragraph at lines 2161--2166
[][][] []
 []


Underfull \hbox (badness 10000) in paragraph at lines 2161--2166

 []


Overfull \hbox (2.22221pt too wide) in paragraph at lines 2167--2174
[][][] []
 []


Underfull \hbox (badness 10000) in paragraph at lines 2167--2174

 []


Overfull \hbox (2.22221pt too wide) in paragraph at lines 2175--2182
[][][] []
 []


Underfull \hbox (badness 10000) in paragraph at lines 2175--2182

 []


Overfull \hbox (2.22221pt too wide) in paragraph at lines 2183--2187
[][][] []
 []


Underfull \hbox (badness 10000) in paragraph at lines 2183--2187

 []


Overfull \hbox (2.22221pt too wide) in paragraph at lines 2188--2192
[][][] []
 []


Underfull \hbox (badness 10000) in paragraph at lines 2188--2192

 []


Overfull \hbox (2.22221pt too wide) in paragraph at lines 2193--2198
[][][] []
 []


Underfull \hbox (badness 10000) in paragraph at lines 2193--2198

 []


Overfull \hbox (2.22221pt too wide) in paragraph at lines 2199--2204
[][][] []
 []


Underfull \hbox (badness 10000) in paragraph at lines 2199--2204

 []


Overfull \hbox (2.22221pt too wide) in paragraph at lines 2205--2210
[][][] []
 []


Underfull \hbox (badness 10000) in paragraph at lines 2205--2210

 []


Overfull \hbox (2.22221pt too wide) in paragraph at lines 2211--2216
[][][] []
 []


Underfull \hbox (badness 10000) in paragraph at lines 2211--2216

 []


Overfull \hbox (2.22221pt too wide) in paragraph at lines 2217--2222
[][][] []
 []


Underfull \hbox (badness 10000) in paragraph at lines 2217--2222

 []


Overfull \hbox (2.22221pt too wide) in paragraph at lines 2223--2229
[][][] []
 []


Underfull \hbox (badness 10000) in paragraph at lines 2223--2229

 []


Overfull \hbox (2.22221pt too wide) in paragraph at lines 2230--2236
[][][] []
 []


Underfull \hbox (badness 10000) in paragraph at lines 2230--2236

 []


Overfull \hbox (2.22221pt too wide) in paragraph at lines 2237--2242
[][][] []
 []


Underfull \hbox (badness 10000) in paragraph at lines 2237--2242

 []


Overfull \hbox (2.22221pt too wide) in paragraph at lines 2243--2248
[][][] []
 []


Underfull \hbox (badness 10000) in paragraph at lines 2243--2248

 []


Overfull \hbox (2.22221pt too wide) in paragraph at lines 2249--2255
[][][] []
 []


Underfull \hbox (badness 10000) in paragraph at lines 2249--2255

 []

[33]
Overfull \hbox (2.22221pt too wide) in paragraph at lines 2256--2261
[][][] []
 []


Underfull \hbox (badness 10000) in paragraph at lines 2256--2261

 []


Overfull \hbox (2.22221pt too wide) in paragraph at lines 2262--2267
[][][] []
 []


Underfull \hbox (badness 10000) in paragraph at lines 2262--2267

 []


Overfull \hbox (2.22221pt too wide) in paragraph at lines 2268--2273
[][][] []
 []


Underfull \hbox (badness 10000) in paragraph at lines 2268--2273

 []


Overfull \hbox (2.22221pt too wide) in paragraph at lines 2274--2281
[][][] []
 []


Underfull \hbox (badness 10000) in paragraph at lines 2274--2281

 []


Overfull \hbox (2.22221pt too wide) in paragraph at lines 2282--2288
[][][] []
 []


Underfull \hbox (badness 10000) in paragraph at lines 2282--2288

 []


Overfull \hbox (2.22221pt too wide) in paragraph at lines 2289--2294
[][][] []
 []


Underfull \hbox (badness 10000) in paragraph at lines 2289--2294

 []


Overfull \hbox (2.22221pt too wide) in paragraph at lines 2295--2301
[][][] []
 []


Underfull \hbox (badness 10000) in paragraph at lines 2295--2301

 []


Overfull \hbox (2.22221pt too wide) in paragraph at lines 2302--2307
[][][] []
 []


Underfull \hbox (badness 10000) in paragraph at lines 2302--2307

 []


Overfull \hbox (2.22221pt too wide) in paragraph at lines 2308--2313
[][][] []
 []


Underfull \hbox (badness 10000) in paragraph at lines 2308--2313

 []


Overfull \hbox (2.22221pt too wide) in paragraph at lines 2314--2319
[][][] []
 []


Underfull \hbox (badness 10000) in paragraph at lines 2314--2319

 []


Overfull \hbox (2.22221pt too wide) in paragraph at lines 2320--2326
[][][] []
 []


Underfull \hbox (badness 10000) in paragraph at lines 2320--2326

 []


Overfull \hbox (2.22221pt too wide) in paragraph at lines 2327--2335
[][][] []
 []


Underfull \hbox (badness 10000) in paragraph at lines 2327--2335

 []


Overfull \hbox (2.22221pt too wide) in paragraph at lines 2336--2339
[][][] []
 []


Underfull \hbox (badness 10000) in paragraph at lines 2336--2339

 []


Overfull \hbox (2.22221pt too wide) in paragraph at lines 2340--2346
[][][] []
 []


Underfull \hbox (badness 10000) in paragraph at lines 2340--2346

 []

[34]
Overfull \hbox (2.22221pt too wide) in paragraph at lines 2347--2353
[][][] []
 []


Underfull \hbox (badness 10000) in paragraph at lines 2347--2353

 []


Overfull \hbox (2.22221pt too wide) in paragraph at lines 2354--2360
[][][] []
 []


Underfull \hbox (badness 10000) in paragraph at lines 2354--2360

 []


Overfull \hbox (2.22221pt too wide) in paragraph at lines 2361--2366
[][][] []
 []


Underfull \hbox (badness 10000) in paragraph at lines 2361--2366

 []


Overfull \hbox (2.22221pt too wide) in paragraph at lines 2367--2372
[][][] []
 []


Underfull \hbox (badness 10000) in paragraph at lines 2367--2372

 []


Overfull \hbox (2.22221pt too wide) in paragraph at lines 2373--2377
[][][] []
 []


Underfull \hbox (badness 10000) in paragraph at lines 2373--2377

 []


Overfull \hbox (2.22221pt too wide) in paragraph at lines 2378--2382
[][][] []
 []


Underfull \hbox (badness 10000) in paragraph at lines 2378--2382

 []


Overfull \hbox (2.22221pt too wide) in paragraph at lines 2383--2387
[][][] []
 []


Underfull \hbox (badness 10000) in paragraph at lines 2383--2387

 []


Overfull \hbox (2.22221pt too wide) in paragraph at lines 2388--2393
[][][] []
 []


Underfull \hbox (badness 10000) in paragraph at lines 2388--2393

 []

Package atveryend Info: Empty hook `BeforeClearDocument' on input line 2396.
[35]
Package atveryend Info: Empty hook `AfterLastShipout' on input line 2396.
(./Thesis.aux)
Package atveryend Info: Executing hook `AtVeryEndDocument' on input line 2396.
Package atveryend Info: Empty hook `AtEndAfterFileList' on input line 2396.

LaTeX Warning: There were undefined references.

Package atveryend Info: Empty hook `AtVeryVeryEnd' on input line 2396.
 ) 
Here is how much of TeX's memory you used:
 14055 strings out of 481239
 205453 string characters out of 5920377
 504250 words of memory out of 5000000
 28652 multiletter control sequences out of 15000+600000
 613987 words of font info for 156 fonts, out of 8000000 for 9000
 1141 hyphenation exceptions out of 8191
 41i,21n,42p,739b,492s stack positions out of 5000i,500n,10000p,200000b,80000s
{/usr/share/texmf/fonts/enc/dvips/lm/lm-mathit.enc}{/usr/share/texmf/fonts/en
c/dvips/lm/lm-mathex.enc}{/usr/share/texmf/fonts/enc/dvips/lm/lm-ec.enc}{/usr/s
hare/texmf/fonts/enc/dvips/lm/lm-mathsy.enc}{/usr/share/texmf/fonts/enc/dvips/l
m/lm-rm.enc}{/usr/share/texmf/fonts/enc/dvips/lm/lm-ts1.enc}</usr/share/texmf/f
onts/type1/public/lm/lmbx10.pfb></usr/share/texmf/fonts/type1/public/lm/lmbx12.
pfb></usr/share/texmf/fonts/type1/public/lm/lmex10.pfb></usr/share/texmf/fonts/
type1/public/lm/lmmi10.pfb></usr/share/texmf/fonts/type1/public/lm/lmmi5.pfb></
usr/share/texmf/fonts/type1/public/lm/lmmi7.pfb></usr/share/texmf/fonts/type1/p
ublic/lm/lmr10.pfb></usr/share/texmf/fonts/type1/public/lm/lmr12.pfb></usr/shar
e/texmf/fonts/type1/public/lm/lmr17.pfb></usr/share/texmf/fonts/type1/public/lm
/lmr7.pfb></usr/share/texmf/fonts/type1/public/lm/lmri10.pfb></usr/share/texmf/
fonts/type1/public/lm/lmsy10.pfb></usr/share/texmf/fonts/type1/public/lm/lmsy7.
pfb></usr/share/texlive/texmf-dist/fonts/type1/public/amsfonts/symbols/msbm10.p
fb>
Output written on Thesis.pdf (39 pages, 1996140 bytes).
PDF statistics:
 904 PDF objects out of 1000 (max. 8388607)
 789 compressed objects within 8 object streams
 255 named destinations out of 1000 (max. 500000)
 12786 words of extra memory for PDF output out of 14400 (max. 10000000)

